<?xml version="1.0" encoding="UTF-8"?>
<testsuite name="by.markov.services.shopbaskets.ShopBasketCreatorTest" tests="1" skipped="0" failures="0" errors="0" timestamp="2022-03-31T22:17:47" hostname="DESKTOP-FA7S5G1" time="0.003">
  <properties/>
  <testcase name="setShopBasketWithIncorrectIdProduct" classname="by.markov.services.shopbaskets.ShopBasketCreatorTest" time="0.003"/>
  <system-out><![CDATA[]]></system-out>
  <system-err><![CDATA[]]></system-err>
</testsuite>
